{
  "RSpec": {
    "coverage": {
      "/Users/colinarmstrong/Turing/mod3/alt-fuel-finder/app/controllers/application_controller.rb": [
        0,
        null,
        null,
        0,
        0
      ],
      "/Users/colinarmstrong/Turing/mod3/alt-fuel-finder/app/controllers/welcome_controller.rb": [
        0,
        0,
        null,
        0,
        0
      ],
      "/Users/colinarmstrong/Turing/mod3/alt-fuel-finder/app/helpers/application_helper.rb": [
        0,
        0
      ]
    },
    "timestamp": 1535512777
  }
}
